[debug] [2022-10-06T21:50:46.438Z] ----------------------------------------------------------------------
[debug] [2022-10-06T21:50:46.442Z] Command:       C:\Program Files\nodejs\node.exe C:\Users\RANJAN\AppData\Roaming\npm\node_modules\firebase-tools\lib\bin\firebase.js init
[debug] [2022-10-06T21:50:46.443Z] CLI Version:   11.14.0
[debug] [2022-10-06T21:50:46.443Z] Platform:      win32
[debug] [2022-10-06T21:50:46.443Z] Node Version:  v16.16.0
[debug] [2022-10-06T21:50:46.445Z] Time:          Fri Oct 07 2022 03:20:46 GMT+0530 (India Standard Time)
[debug] [2022-10-06T21:50:46.445Z] ----------------------------------------------------------------------
[debug] 
[debug] [2022-10-06T21:50:46.552Z] > command requires scopes: ["email","openid","https://www.googleapis.com/auth/cloudplatformprojects.readonly","https://www.googleapis.com/auth/firebase","https://www.googleapis.com/auth/cloud-platform"]
[debug] [2022-10-06T21:50:46.553Z] > authorizing via signed-in user (ranjan.kudesia@gmail.com)
[info] 
     ######## #### ########  ######## ########     ###     ######  ########
     ##        ##  ##     ## ##       ##     ##  ##   ##  ##       ##
     ######    ##  ########  ######   ########  #########  ######  ######
     ##        ##  ##    ##  ##       ##     ## ##     ##       ## ##
     ##       #### ##     ## ######## ########  ##     ##  ######  ########

You're about to initialize a Firebase project in this directory:

  C:\Users\RANJAN\OneDrive\Desktop\BMC Prototype\bmc-prototype

Before we get started, keep in mind:

  * You are initializing within an existing Firebase project directory

[info] 
=== Project Setup
[info] 
[info] First, let's associate this project directory with a Firebase project.
[info] You can create multiple project aliases by running firebase use --add, 
[info] but for now we'll just set up a default project.
[info] 
[debug] [2022-10-06T21:50:56.251Z] Using project from CLI flag: bmc-prototype-500bc
[debug] [2022-10-06T21:50:56.254Z] >>> [apiv2][query] GET https://firebase.googleapis.com/v1beta1/projects/bmc-prototype-500bc [none]
[debug] [2022-10-06T21:50:57.049Z] <<< [apiv2][status] GET https://firebase.googleapis.com/v1beta1/projects/bmc-prototype-500bc 200
[debug] [2022-10-06T21:50:57.049Z] <<< [apiv2][body] GET https://firebase.googleapis.com/v1beta1/projects/bmc-prototype-500bc {"projectId":"bmc-prototype-500bc","projectNumber":"428621277186","displayName":"bmc-prototype","name":"projects/bmc-prototype-500bc","resources":{"hostingSite":"bmc-prototype-500bc"},"state":"ACTIVE","etag":"1_449d5177-7c7d-4f54-9d75-df057aebb617"}
[info] i  Using project bmc-prototype-500bc (bmc-prototype) 
[info] 
=== Hosting:github Setup
[info] 
[info] i  Detected a .git folder at C:\Users\RANJAN\OneDrive\Desktop\BMC Prototype\bmc-prototype 
[info] i  Authorizing with GitHub to upload your service account to a GitHub repository's secrets store. 
[info] 
[info] Visit this URL on this device to log in:
[info] https://github.com/login/oauth/authorize?client_id=89cf50f02ac6aaed3484&state=442896414&redirect_uri=http%3A%2F%2Flocalhost%3A9005&scope=read%3Auser%20repo%20public_repo
[info] 
[info] Waiting for authentication...
[debug] [2022-10-06T21:50:57.711Z] >>> [apiv2][query] POST https://github.com/login/oauth/access_token [none]
[debug] [2022-10-06T21:50:57.711Z] >>> [apiv2][body] POST https://github.com/login/oauth/access_token [stream]
[debug] [2022-10-06T21:50:58.097Z] <<< [apiv2][status] POST https://github.com/login/oauth/access_token 200
[debug] [2022-10-06T21:50:58.097Z] <<< [apiv2][body] POST https://github.com/login/oauth/access_token {"access_token":"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","token_type":"bearer","scope":"read:user,repo"}
[debug] [2022-10-06T21:50:58.102Z] >>> [apiv2][query] GET https://api.github.com/user [none]
[debug] [2022-10-06T21:50:58.532Z] <<< [apiv2][status] GET https://api.github.com/user 200
[debug] [2022-10-06T21:50:58.533Z] <<< [apiv2][body] GET https://api.github.com/user {"login":"RanjanKudesia","id":94289938,"node_id":"U_kgDOBZ7AEg","avatar_url":"https://avatars.githubusercontent.com/u/94289938?v=4","gravatar_id":"","url":"https://api.github.com/users/RanjanKudesia","html_url":"https://github.com/RanjanKudesia","followers_url":"https://api.github.com/users/RanjanKudesia/followers","following_url":"https://api.github.com/users/RanjanKudesia/following{/other_user}","gists_url":"https://api.github.com/users/RanjanKudesia/gists{/gist_id}","starred_url":"https://api.github.com/users/RanjanKudesia/starred{/owner}{/repo}","subscriptions_url":"https://api.github.com/users/RanjanKudesia/subscriptions","organizations_url":"https://api.github.com/users/RanjanKudesia/orgs","repos_url":"https://api.github.com/users/RanjanKudesia/repos","events_url":"https://api.github.com/users/RanjanKudesia/events{/privacy}","received_events_url":"https://api.github.com/users/RanjanKudesia/received_events","type":"User","site_admin":false,"name":"Ranjan Kudesia","company":null,"blog":"RanjanKudesia","location":null,"email":null,"hireable":null,"bio":null,"twitter_username":null,"public_repos":11,"public_gists":0,"followers":1,"following":0,"created_at":"2021-11-14T10:09:05Z","updated_at":"2022-10-06T06:31:57Z","private_gists":0,"total_private_repos":8,"owned_private_repos":8,"disk_usage":87516,"collaborators":2,"two_factor_authentication":false,"plan":{"name":"pro","space":976562499,"collaborators":0,"private_repos":9999}}
[info] 
[info] +  Success! Logged into GitHub as RanjanKudesia 
[info] 
